2020-12-21 02:42:00,952 - ERROR - [31m testcase015--error ,expected_msg: ["utData":null,"utCode":0] not in body: [{"utService":"user-service2","utCode":1112,"utMsg":"æ‚¨æ— æƒæ“ä½œåº”ç”¨ autotest21608489718486 ï¼"}] [0m
2020-12-21 02:42:02,416 - ERROR - [31m testcase025--error ,expected_msg: ["utData":null,"utCode":0] not in body: [{"utService":"user-service2","utCode":1112,"utMsg":"æ‚¨æ— æƒæ“ä½œåº”ç”¨ autotest21608489718486 ï¼"}] [0m
2020-12-21 02:42:02,517 - ERROR - [31m testcase026--error ,expected_msg: [åº”ç”¨å·²ç¦ç”¨] not in body: [{"utService":"user-service2","utCode":1112,"utMsg":"æ‚¨æ— æƒæ“ä½œåº”ç”¨ autotest21608489718486 ï¼"}] [0m
2020-12-21 02:42:02,711 - ERROR - [31m testcase028--error ,expected_msg: ["utData":null,"utCode":0] not in body: [{"utService":"user-service2","utCode":1112,"utMsg":"æ‚¨æ— æƒæ“ä½œåº”ç”¨ autotest21608489718486 ï¼"}] [0m
2020-12-21 02:42:03,007 - ERROR - [31m testcase031--error ,expected_msg: ["utData":null,"utCode":0] not in body: [{"utService":"user-service2","utCode":1112,"utMsg":"æ‚¨æ— æƒæ“ä½œåº”ç”¨ autotest21608489718486 ï¼"}] [0m
2020-12-21 02:42:03,109 - ERROR - [31m testcase032--error ,expected_msg: ["utData":null,"utCode":0] not in body: [{"utService":"user-service2","utCode":1112,"utMsg":"æ‚¨æ— æƒæ“ä½œåº”ç”¨ autotest21608489718486 ï¼"}] [0m
2020-12-21 02:42:03,305 - ERROR - [31m testcase034--error ,expected_msg: [ä¸å…è®¸åˆ é™¤] not in body: [{"utService":"user-service2","utCode":1112,"utMsg":"æ‚¨æ— æƒæ“ä½œåº”ç”¨ autotest21608489718486 ï¼"}] [0m
2020-12-21 02:42:04,391 - ERROR - [31m testcase043--error ,expected_msg: ["utData":null,"utCode":0] not in body: [{"utService":"user-service2","utCode":1112,"utMsg":"æ‚¨æ— æƒæ“ä½œåº”ç”¨ autotest21608489718486 ï¼"}] [0m
2020-12-21 02:42:04,597 - ERROR - [31m testcase045--error ,expected_msg: ["utCode":1115,"utMsg":"appKeyä¸ authorityKey å‰ç¼€ä¸ä¸€è‡´] not in body: [{"utService":"user-service2","utCode":1112,"utMsg":"æ‚¨æ— æƒæ“ä½œåº”ç”¨ autotest21608489718486 ï¼"}] [0m
2020-12-21 02:42:05,060 - ERROR - [31m testcase050--error ,expected_msg: ["utCode":1009,"utMsg":"authorityKey:ä¸èƒ½ä¸ºç©ºï¼; authorityKey: åŠŸèƒ½Key,ä»…æ”¯æŒ81ä½ä»¥ä¸‹çš„å¤§å°å†™å­—æ¯ã€æ•°å­—å’Œä¸‹åˆ’çº¿ï¼(å…¶ä¸­å‰ç¼€å 31ä¸ªå­—ç¬¦);] not in body: [{"utService":"user-service2","utCode":1009,"utMsg":"authorityKey: åŠŸèƒ½Key,ä»…æ”¯æŒ81ä½ä»¥ä¸‹çš„å¤§å°å†™å­—æ¯ã€æ•°å­—å’Œä¸‹åˆ’çº¿ï¼(å…¶ä¸­å‰ç¼€å 31ä¸ªå­—ç¬¦); authorityKey:ä¸èƒ½ä¸ºç©ºï¼; "}] [0m
2020-12-21 02:42:05,675 - ERROR - [31m testcase054--error ,expected_msg: ["utCode":1114,"utMsg":"authorityKey åº”ä»¥ '{appKey}_' å¼€å¤´] not in body: [{"utService":"user-service2","utCode":1116,"utMsg":"appKeyä¸ authorityKey å‰ç¼€ä¸ä¸€è‡´ï¼"}] [0m
2020-12-21 02:42:05,961 - ERROR - [31m testcase057--statuscode error , status_codeï¼š[400] != expected_code: [200] [0m
2020-12-21 02:42:06,331 - ERROR - [31m testcase059--error ,expected_msg: ["utData":null,"utCode":0] not in body: [{"utService":"user-service2","utCode":1112,"utMsg":"æ‚¨æ— æƒæ“ä½œåº”ç”¨ autotest21608489718486 ï¼"}] [0m
2020-12-21 02:42:06,526 - ERROR - [31m testcase061--error ,expected_msg: ["utCode":1132,"utMsg":"åŠŸèƒ½ä¸å­˜åœ¨æˆ–åŠŸèƒ½ä¸å±äºè¯¥åº”ç”¨] not in body: [{"utService":"user-service2","utCode":1112,"utMsg":"æ‚¨æ— æƒæ“ä½œåº”ç”¨ autotest21608489718486 ï¼"}] [0m
2020-12-21 02:42:07,039 - ERROR - [31m testcase066--error ,expected_msg: ["utCode":1009,"utMsg":"authorityKey:ä¸èƒ½ä¸ºç©ºï¼; authorityKey: åŠŸèƒ½Key,ä»…æ”¯æŒ81ä½ä»¥ä¸‹çš„å¤§å°å†™å­—æ¯ã€æ•°å­—å’Œä¸‹åˆ’çº¿ï¼(å…¶ä¸­å‰ç¼€å 31ä¸ªå­—ç¬¦);] not in body: [{"utService":"user-service2","utCode":1009,"utMsg":"authorityKey:ä¸èƒ½ä¸ºç©ºï¼; "}] [0m
2020-12-21 02:42:07,684 - ERROR - [31m testcase070--statuscode error , status_codeï¼š[400] != expected_code: [200] [0m
2020-12-21 02:42:08,689 - ERROR - [31m testcase077--error ,expected_msg: ["authorityKey":"autotest21608489718486_authoritychil","name":"autotest21608489718486_chiedit","description":"åŠŸèƒ½1_childedit","parent":null,"appKey":"autotest21608489718486"] not in body: [{"utData":{"size":20,"number":0,"totalElements":1,"totalPages":1,"content":[{"authorityKey":"autotest21608489718486_authoritychil","name":"autotest21608489718486_chiedit","description":"authority1_childedit","parent":null,"appKey":"autotest21608489718486"}]},"utCode":0}] [0m
2020-12-21 02:42:08,786 - ERROR - [31m testcase078--error ,expected_msg: ["utData":[""autotest21608489718486_authoritychil"] not in body: [{"utData":["autotest21608489718486_authoritychil"],"utCode":0}] [0m
2020-12-28 02:38:38,988 - ERROR - [31m testcase045--statuscode error , status_codeï¼š[415] != expected_code: [200] [0m
2020-12-28 02:38:39,107 - ERROR - [31m testcase046--statuscode error , status_codeï¼š[415] != expected_code: [200] [0m
2020-12-28 02:38:39,201 - ERROR - [31m testcase047--statuscode error , status_codeï¼š[415] != expected_code: [200] [0m
2020-12-28 02:38:39,282 - ERROR - [31m testcase048--statuscode error , status_codeï¼š[415] != expected_code: [200] [0m
2020-12-28 02:38:39,611 - ERROR - [31m testcase051--error ,expected_msg: ["utCode":1115,"utMsg":"appKeyä¸ authorityKey å‰ç¼€ä¸ä¸€è‡´] not in body: [{"utService":"user-service2","utCode":1116,"utMsg":"appKeyä¸ authorityKey å‰ç¼€ä¸ä¸€è‡´ï¼"}] [0m
2020-12-28 02:38:41,227 - ERROR - [31m testcase063--statuscode error , status_codeï¼š[400] != expected_code: [200] [0m
2020-12-28 02:38:42,901 - ERROR - [31m testcase076--statuscode error , status_codeï¼š[400] != expected_code: [200] [0m
2020-12-28 02:38:45,325 - ERROR - [31m testcase093--error ,expected_msg: ["utCode":1113,"utMsg":"åº”ç”¨å·²ç¦ç”¨ï¼Œè‹¥è¦æ“ä½œï¼Œè¯·æ¿€æ´»åº”ç”¨] not in body: [{"utData":[],"utCode":0}] [0m
2020-12-28 02:38:45,416 - ERROR - [31m testcase094--error ,expected_msg: ["utCode":1114,"utMsg":"åº”ç”¨å·²åˆ é™¤ï¼Œè‹¥æƒ³æ“ä½œï¼Œè¯·ç”³è¯·å·¥å•] not in body: [{"utData":[],"utCode":0}] [0m
2020-12-28 02:38:45,516 - ERROR - [31m testcase095--error ,expected_msg: ["utCode":1112,"utMsg":"æ‚¨æ— æƒæ“ä½œåº”ç”¨ developer] not in body: [{"utData":["developer_developer_middle_field_model","developer_flow_flow_adm","developer_IoT_edge_instance_dev","developer_platform_authority_management","developer_platform_self_charactor_management","developer_lancp_engineer_list","developer_IoT_device_dev","developer_platform_basic_info","developer_flow_department_dev","developer_flow_callbackConfig_dev","developer_platform_self_app_list","developer_platform_self_function_management","developer_IoT_product_admin","developer_settlement_cloud_trade","developer_flow_department_adm","developer_flow_flow_dev","developer_hide_menu","developer_platform_app_list","developer_platform_security_setting","developer_account_system_list","developer_lancp_home","developer_platform_self_authority_management","developer_settlement_cloud_config","developer_platform_sub_account_management","developer_settlement_share_profit","developer_Iot_driver_dev","developer_developer_middle_process_guidance","developer_IoT_scene_linkage_admin","developer_platform_account_bind","developer_developer_middle_app_management","developer_flow_myApplication_user","developer_service_customization_home","developer_flow_application_user","developer_IoT_product_dev","developer_lancp_system_list","developer_platform_function_management","developer_platform_self_menu_management","developer_show_platform","developer_platform_menu_management","developer_IoT_device_admin","developer_IoT_edge_instance_admin","developer_developer_middle_project_management","developer_developer_middle_business_analysis","developer_Iot_driver_admin","developer_platform_charactor_management"],"utCode":0}] [0m
2020-12-28 02:38:45,723 - ERROR - [31m testcase097--error ,expected_msg: ["utCode":1111,"utMsg":"åº”ç”¨ xxxxx ä¸å­˜åœ¨] not in body: [{"utData":[],"utCode":0}] [0m
2020-12-28 02:38:46,635 - ERROR - [31m 'latin-1' codec can't encode characters in position 63-64: Body ('è§’è‰²') is not valid Latin-1. Use body.encode('utf-8') if you want to send it encoded in UTF-8. [0m
2020-12-28 02:38:46,640 - ERROR - [31m 'latin-1' codec can't encode characters in position 63-64: Body ('è§’è‰²') is not valid Latin-1. Use body.encode('utf-8') if you want to send it encoded in UTF-8. [0m
2020-12-28 02:38:46,820 - ERROR - [31m 'latin-1' codec can't encode characters in position 43-44: Body ('è§’è‰²') is not valid Latin-1. Use body.encode('utf-8') if you want to send it encoded in UTF-8. [0m
2020-12-28 02:38:46,822 - ERROR - [31m 'latin-1' codec can't encode characters in position 43-44: Body ('è§’è‰²') is not valid Latin-1. Use body.encode('utf-8') if you want to send it encoded in UTF-8. [0m
2020-12-28 02:38:46,936 - ERROR - [31m testcase101--error ,expected_msg: ["utCode":1010,"utMsg":"authorityGroupKey:ä¸èƒ½ä¸ºç©ºï¼] not in body: [{"utService":"user-service2","utCode":1009,"utMsg":"authorityGroupName:ä¸èƒ½ä¸ºç©ºï¼; "}] [0m
2020-12-28 02:38:46,994 - ERROR - [31m 'latin-1' codec can't encode characters in position 92-93: Body ('è§’è‰²') is not valid Latin-1. Use body.encode('utf-8') if you want to send it encoded in UTF-8. [0m
2020-12-28 02:38:46,996 - ERROR - [31m 'latin-1' codec can't encode characters in position 92-93: Body ('è§’è‰²') is not valid Latin-1. Use body.encode('utf-8') if you want to send it encoded in UTF-8. [0m
2020-12-28 02:38:47,839 - ERROR - [31m testcase109--error ,expected_msg: ["utCode":1004,"utMsg":" autotest31609094312762_juese1 å·²å­˜åœ¨] not in body: [{"utService":"user-service2","utCode":1004,"utMsg":"autotest31609094312762_juese1 å·²å­˜åœ¨ï¼"}] [0m
2020-12-28 02:38:48,729 - ERROR - [31m testcase118--error ,expected_msg: ["utCode":1153,"utMsg":"è§’è‰²ä¸å­˜åœ¨æˆ–è§’è‰²ä¸å±äºè¯¥åº”ç”¨ï¼] not in body: [{"utService":"user-service2","utCode":1111,"utMsg":"åº”ç”¨ juese1 ä¸å­˜åœ¨ï¼"}] [0m
2020-12-28 02:38:49,007 - ERROR - [31m testcase121--error ,expected_msg: ["utCode":1113,"utMsg":"åº”ç”¨å·²ç¦ç”¨ï¼Œè‹¥è¦æ“ä½œï¼Œè¯·æ¿€æ´»åº”ç”¨] not in body: [{"utService":"user-service2","utCode":1009,"utMsg":"newName:åç§°,åªæ”¯æŒ30ä½ä»¥ä¸‹å­—ç¬¦ï¼; "}] [0m
2020-12-28 02:38:49,100 - ERROR - [31m testcase122--error ,expected_msg: ["utCode":1114,"utMsg":"åº”ç”¨å·²åˆ é™¤ï¼Œè‹¥æƒ³æ“ä½œï¼Œè¯·ç”³è¯·å·¥å•] not in body: [{"utService":"user-service2","utCode":1009,"utMsg":"newName:åç§°,åªæ”¯æŒ30ä½ä»¥ä¸‹å­—ç¬¦ï¼; "}] [0m
2020-12-28 02:38:49,186 - ERROR - [31m testcase123--error ,expected_msg: ["utData":null,"utCode":0] not in body: [{"utService":"user-service2","utCode":1009,"utMsg":"authGroupKey:ä¸èƒ½ä¸ºç©ºï¼; "}] [0m
2020-12-28 02:38:49,468 - ERROR - [31m testcase126--error ,expected_msg: ["utCode":1133,"utMsg":"autotest31609094312762_juese1chi å’Œ cswxy_113 ä¸å±äºåŒä¸€åº”ç”¨] not in body: [{"utService":"user-service2","utCode":1133,"utMsg":"autotest31609094312762_juese1chil å’Œ cswxy_113 ä¸å±äºåŒä¸€åº”ç”¨ï¼"}] [0m
2020-12-28 02:38:49,875 - ERROR - [31m testcase130--error ,expected_msg: ["utCode":1133,"utMsg":"autotest31609094312762_juese1chi å’Œ cswxy_113 ä¸å±äºåŒä¸€åº”ç”¨] not in body: [{"utService":"user-service2","utCode":1133,"utMsg":"autotest31609094312762_juese1chil å’Œ cswxy_113 ä¸å±äºåŒä¸€åº”ç”¨ï¼"}] [0m
2020-12-28 02:38:50,278 - ERROR - [31m testcase134--statuscode error , status_codeï¼š[400] != expected_code: [200] [0m
2020-12-28 02:38:50,544 - ERROR - [31m testcase137--error ,expected_msg: ["utCode":1133,"utMsg":"autotest31609094312762_juese1chi å’Œ cswxy_113 ä¸å±äºåŒä¸€åº”ç”¨] not in body: [{"utService":"user-service2","utCode":1133,"utMsg":"autotest31609094312762_juese1chil å’Œ cswxy_113 ä¸å±äºåŒä¸€åº”ç”¨ï¼"}] [0m
2020-12-28 02:38:50,935 - ERROR - [31m testcase141--error ,expected_msg: ["utCode":1133,"utMsg":"autotest31609094312762_juese1chi å’Œ cswxy_113 ä¸å±äºåŒä¸€åº”ç”¨] not in body: [{"utService":"user-service2","utCode":1133,"utMsg":"autotest31609094312762_juese1chil å’Œ cswxy_113 ä¸å±äºåŒä¸€åº”ç”¨ï¼"}] [0m
2020-12-28 02:38:51,937 - ERROR - [31m testcase152--error ,expected_msg: ["utCode":1111,"utMsg":"åº”ç”¨ xxxxxxx ä¸å­˜åœ¨] not in body: [{"utData":[],"utCode":0}] [0m
2020-12-28 02:38:52,122 - ERROR - [31m testcase154--error ,expected_msg: ["utCode":1113,"utMsg":"åº”ç”¨å·²ç¦ç”¨ï¼Œè‹¥è¦æ“ä½œï¼Œè¯·æ¿€æ´»åº”ç”¨] not in body: [{"utData":[],"utCode":0}] [0m
2020-12-28 02:38:52,215 - ERROR - [31m testcase155--error ,expected_msg: ["utCode":1114,"utMsg":"åº”ç”¨å·²åˆ é™¤ï¼Œè‹¥æƒ³æ“ä½œï¼Œè¯·ç”³è¯·å·¥å•] not in body: [{"utData":[],"utCode":0}] [0m
2020-12-28 02:38:53,036 - ERROR - [31m testcase162--error ,expected_msg: ["utCode":1113,"utMsg":"åº”ç”¨å·²ç¦ç”¨ï¼Œè‹¥è¦æ“ä½œï¼Œè¯·æ¿€æ´»åº”ç”¨] not in body: [{"utService":"user-service2","utCode":1118,"utMsg":"åº”ç”¨ autotest1609094312762 æœªåˆ›å»ºè§’è‰² autotest1609094312762_group ï¼"}] [0m
2020-12-28 02:38:53,136 - ERROR - [31m testcase163--error ,expected_msg: ["utCode":1114,"utMsg":"åº”ç”¨å·²åˆ é™¤ï¼Œè‹¥æƒ³æ“ä½œï¼Œè¯·ç”³è¯·å·¥å•] not in body: [{"utService":"user-service2","utCode":1118,"utMsg":"åº”ç”¨ autotest11609094312762 æœªåˆ›å»ºè§’è‰² autotest11609094312762_group ï¼"}] [0m
2020-12-28 02:38:53,229 - ERROR - [31m testcase164--error ,expected_msg: ["autotest31609094312762_authority"] not in body: [{"utData":[],"utCode":0}] [0m
2020-12-28 02:38:53,326 - ERROR - [31m testcase165--statuscode error , status_codeï¼š[415] != expected_code: [200] [0m
2020-12-28 02:38:53,416 - ERROR - [31m testcase166--error ,expected_msg: [autotest31609094312762_authority] not in body: [{"utData":[{"authorityGroupKey":"autotest31609094312762_juese1","authorityGroupName":"juese1","authorityGroupParent":null,"description":"juese1","appKey":"autotest31609094312762","authorityEntities":null,"children":[{"authorityGroupKey":"autotest31609094312762_juese1chil","authorityGroupName":"juese1chil","authorityGroupParent":"autotest31609094312762_juese1","description":"juese1chil","appKey":"autotest31609094312762","authorityEntities":null,"children":null}]}],"utCode":0}] [0m
2022-10-08 20:39:07,431 - ERROR - [31m testcase002--statuscode error , status_codeï¼š[415] != expected_code: [200] [0m
2022-10-08 20:42:21,248 - ERROR - [31m testcase002--statuscode error , status_codeï¼š[415] != expected_code: [200] [0m
2022-10-08 20:45:26,766 - ERROR - [31m testcase002--statuscode error , status_codeï¼š[415] != expected_code: [200] [0m
2022-10-09 14:08:37,464 - ERROR - [31m replace() argument 2 must be str, not list [0m
2022-10-09 14:15:06,289 - ERROR - [31m replace() argument 2 must be str, not int [0m
2022-10-09 14:16:53,633 - ERROR - [31m 'bool' object is not subscriptable [0m
2022-10-09 14:26:51,232 - ERROR - [31m 'bool' object is not subscriptable [0m
2022-10-09 14:32:17,159 - ERROR - [31m info() takes 1 positional argument but 2 were given [0m
2022-10-09 14:32:17,162 - ERROR - [31m 'testcase002' [0m
2022-10-09 14:33:46,867 - ERROR - [31m 'bool' object is not subscriptable [0m
2022-10-09 15:05:34,033 - ERROR - [31m Failed to parse: http://quick.testpub.cn"success":true [0m
2022-10-09 15:05:34,037 - ERROR - [31m Failed to parse: http://quick.testpub.cn"success":true [0m
2022-10-09 15:05:34,085 - ERROR - [31m 'testcase003' [0m
